<?xml version="1.0" encoding="UTF-8"?>
<!-- Generated by org.testng.reporters.JUnitXMLReporter -->
<testsuite hostname="DESKTOP-4JBAKI8" ignored="4" name="Test" tests="3" failures="0" timestamp="31 Dec 2018 11:51:18 GMT" time="34.352" errors="0">
  <testcase name="positiveLoginTest" time="3.177" classname="tests.TC001_LoginTest"/>
  <testcase name="applyLeave" time="4.271" classname="tests.TC002_ApplyLeave"/>
  <testcase name="viewDashboard" time="1.954" classname="tests.TC003_ViewDashboard"/>
  <testcase name="@BeforeSuite beforeSuite" time="0.0" classname="reusableLib.Orangehrm">
    <ignored/>
  </testcase> <!-- @BeforeSuite beforeSuite -->
  <testcase name="@BeforeSuite beforeSuite" time="0.0" classname="reusableLib.Orangehrm">
    <ignored/>
  </testcase> <!-- @BeforeSuite beforeSuite -->
  <testcase name="@AfterSuite afterSuite" time="0.0" classname="reusableLib.Orangehrm">
    <ignored/>
  </testcase> <!-- @AfterSuite afterSuite -->
  <testcase name="@AfterSuite afterSuite" time="0.0" classname="reusableLib.Orangehrm">
    <ignored/>
  </testcase> <!-- @AfterSuite afterSuite -->
</testsuite> <!-- Test -->
