<?xml version="1.0" encoding="UTF-8"?>
<testng-results skipped="0" failed="0" ignored="0" total="1" passed="1">
  <reporter-output>
  </reporter-output>
  <suite name="Default suite" duration-ms="12557" started-at="2018-12-30T06:13:16Z" finished-at="2018-12-30T06:13:28Z">
    <groups>
    </groups>
    <test name="Default test" duration-ms="12557" started-at="2018-12-30T06:13:16Z" finished-at="2018-12-30T06:13:28Z">
      <class name="tests.TC001_VerifyLeaveStatus">
        <test-method status="PASS" signature="SampleReport()[pri:0, instance:tests.TC001_VerifyLeaveStatus@548a102f]" name="SampleReport" is-config="true" duration-ms="292" started-at="2018-12-30T06:13:16Z" finished-at="2018-12-30T06:13:16Z">
          <reporter-output>
          </reporter-output>
        </test-method> <!-- SampleReport -->
        <test-method status="PASS" signature="positiveLoginTest()[pri:0, instance:tests.TC001_VerifyLeaveStatus@548a102f]" name="positiveLoginTest" duration-ms="12168" started-at="2018-12-30T06:13:16Z" finished-at="2018-12-30T06:13:28Z">
          <reporter-output>
          </reporter-output>
        </test-method> <!-- positiveLoginTest -->
      </class> <!-- tests.TC001_VerifyLeaveStatus -->
    </test> <!-- Default test -->
  </suite> <!-- Default suite -->
</testng-results>
